Finished parsing file /Users/adriantineo/dev/ML_data/SantanderCustomerTransactionPrediction/SantanderCreateML/SantanderCreateML/Data/test_pre.csv
Parsing completed. Parsed 100 lines in 0.746466 secs.
Read 33322 lines. Lines per second: 25632   
Finished parsing file /Users/adriantineo/dev/ML_data/SantanderCustomerTransactionPrediction/SantanderCreateML/SantanderCreateML/Data/test_pre.csv
Parsing completed. Parsed 40001 lines in 1.3994 secs.
TEST TABLE

Columns:
    ID_code string
    target  integer
    var_0   float
    var_1   float
    var_2   float
    var_3   float
    var_4   float
    var_5   float
    var_6   float
    var_7   float
    var_8   float
    var_9   float
    var_10  float
    var_11  float
    var_12  float
    var_13  float
    var_14  float
    var_15  float
    var_16  float
    var_17  float
    var_18  float
    var_19  float
    var_20  float
    var_21  float
    var_22  float
    var_23  float
    var_24  float
    var_25  float
    var_26  float
    var_27  float
    var_28  float
    var_29  float
    var_30  float
    var_31  float
    var_32  float
    var_33  float
    var_34  float
    var_35  float
    var_36  float
    var_37  float
    var_38  float
    var_39  float
    var_40  float
    var_41  float
    var_42  float
    var_43  float
    var_44  float
    var_45  float
    var_46  float
    var_47  float
    var_48  float
    var_49  float
    var_50  float
    var_51  float
    var_52  float
    var_53  float
    var_54  float
    var_55  float
    var_56  float
    var_57  float
    var_58  float
    var_59  float
    var_60  float
    var_61  float
    var_62  float
    var_63  float
    var_64  float
    var_65  float
    var_66  float
    var_67  float
    var_68  float
    var_69  float
    var_70  float
    var_71  float
    var_72  float
    var_73  float
    var_74  float
    var_75  float
    var_76  float
    var_77  float
    var_78  float
    var_79  float
    var_80  float
    var_81  float
    var_82  float
    var_83  float
    var_84  float
    var_85  float
    var_86  float
    var_87  float
    var_88  float
    var_89  float
    var_90  float
    var_91  float
    var_92  float
    var_93  float
    var_94  float
    var_95  float
    var_96  float
    var_97  float
    var_98  float
    var_99  float
    var_100 float
    var_101 float
    var_102 float
    var_103 float
    var_104 float
    var_105 float
    var_106 float
    var_107 float
    var_108 float
    var_109 float
    var_110 float
    var_111 float
    var_112 float
    var_113 float
    var_114 float
    var_115 float
    var_116 float
    var_117 float
    var_118 float
    var_119 float
    var_120 float
    var_121 float
    var_122 float
    var_123 float
    var_124 float
    var_125 float
    var_126 float
    var_127 float
    var_128 float
    var_129 float
    var_130 float
    var_131 float
    var_132 float
    var_133 float
    var_134 float
    var_135 float
    var_136 float
    var_137 float
    var_138 float
    var_139 float
    var_140 float
    var_141 float
    var_142 float
    var_143 float
    var_144 float
    var_145 float
    var_146 float
    var_147 float
    var_148 float
    var_149 float
    var_150 float
    var_151 float
    var_152 float
    var_153 float
    var_154 float
    var_155 float
    var_156 float
    var_157 float
    var_158 float
    var_159 float
    var_160 float
    var_161 float
    var_162 float
    var_163 float
    var_164 float
    var_165 float
    var_166 float
    var_167 float
    var_168 float
    var_169 float
    var_170 float
    var_171 float
    var_172 float
    var_173 float
    var_174 float
    var_175 float
    var_176 float
    var_177 float
    var_178 float
    var_179 float
    var_180 float
    var_181 float
    var_182 float
    var_183 float
    var_184 float
    var_185 float
    var_186 float
    var_187 float
    var_188 float
    var_189 float
    var_190 float
    var_191 float
    var_192 float
    var_193 float
    var_194 float
    var_195 float
    var_196 float
    var_197 float
    var_198 float
    var_199 float
Rows: 40001
Data:
+----------------+----------------+----------------+----------------+----------------+
| ID_code        | target         | var_0          | var_1          | var_2          |
+----------------+----------------+----------------+----------------+----------------+
| train_172651   | 0              | 7.6136         | -3.1784        | 9.3438         |
| train_167551   | 0              | 14.3874        | -3.8629        | 11.8203        |
| train_179883   | 0              | 8.668          | -7.5631        | 9.1561         |
| train_174741   | 0              | 9.4009         | -0.9423        | 13.5317        |
| train_184904   | 0              | 9.1656         | 4.9358         | 15.888         |
| train_190062   | 0              | 5.1425         | 0.9967         | 9.8156         |
| train_160717   | 1              | 6.4308         | 1.9293         | 12.4204        |
| train_173992   | 0              | 10.2234        | 0.9276         | 12.1328        |
| train_169414   | 0              | 16.7318        | -1.7392        | 14.4506        |
| train_184312   | 0              | 12.3909        | -8.7969        | 8.47           |
+----------------+----------------+----------------+----------------+----------------+
+----------------+----------------+----------------+----------------+----------------+
| var_3          | var_4          | var_5          | var_6          | var_7          |
+----------------+----------------+----------------+----------------+----------------+
| 6.5728         | 10.7433        | -0.9545        | 6.5151         | 15.7361        |
| 10.8069        | 9.0174         | -13.1571       | 4.9891         | 19.0666        |
| 5.2778         | 11.9726        | -6.2397        | 3.3854         | 13.3542        |
| 8.2743         | 14.1061        | -15.2371       | 4.5497         | 12.5098        |
| 7.0305         | 10.822         | 0.6395         | 5.9625         | 14.8038        |
| 7.4284         | 11.5434        | -5.9041        | 6.6996         | 14.1711        |
| 5.6462         | 10.0911        | -15.2336       | 4.468          | 17.7606        |
| 8.5483         | 10.7791        | 3.8724         | 5.8334         | 12.1683        |
| 4.4619         | 9.0608         | -12.968        | 5.3207         | 14.9942        |
| 4.662          | 11.5927        | 4.2071         | 5.305          | 12.4122        |
+----------------+----------------+----------------+----------------+----------------+
+----------------+----------------+----------------+----------------+----------------+
| var_8          | var_9          | var_10         | var_11         | var_12         |
+----------------+----------------+----------------+----------------+----------------+
| -2.376         | 5.3104         | -9.4473        | -1.7031        | 14.3434        |
| -3.1936        | 6.3081         | 6.398          | 7.2293         | 14.039         |
| 2.2941         | 7.2548         | 0.0766         | 9.8713         | 13.6662        |
| 2.0334         | 6.5747         | -7.1465        | -2.5528        | 13.9           |
| 2.8925         | 8.717          | -9.0839        | 0.0314         | 14.2638        |
| -5.272         | 8.6468         | 7.283          | -2.2239        | 14.178         |
| 0.0185         | 5.2224         | -7.8696        | -7.9677        | 13.5884        |
| 4.1366         | 7.026          | 0.2094         | -12.3172       | 14.1402        |
| -5.3563        | 8.4611         | 3.305          | -1.6018        | 14.2311        |
| -1.1407        | 6.2308         | -2.8792        | -18.8961       | 14.2719        |
+----------------+----------------+----------------+----------------+----------------+
+----------------+----------------+----------------+----------------+----------------+
| var_13         | var_14         | var_15         | var_16         | var_17         |
+----------------+----------------+----------------+----------------+----------------+
| 14.7132        | 4.649          | 13.8189        | 8.5099         | 3.7289         |
| 13.7344        | 11.1029        | 13.8494        | 9.8575         | -2.4081        |
| 11.9294        | 5.9353         | 14.5287        | 5.8292         | -0.093         |
| 5.5677         | 8.1235         | 13.8067        | 10.7978        | -2.3044        |
| 13.4366        | 10.3538        | 14.039         | 7.0507         | -1.0932        |
| 2.8441         | 6.5133         | 14.6653        | 6.1392         | 2.0429         |
| 6.1643         | 9.0434         | 14.9183        | 9.7651         | -7.4391        |
| 10.2258        | 7.114          | 13.8684        | 8.0517         | -3.7726        |
| 2.5084         | 11.5433        | 14.2219        | 9.2376         | 6.9303         |
| 3.5188         | 8.3828         | 15.0583        | 8.8595         | -7.394         |
+----------------+----------------+----------------+----------------+----------------+
+----------------+----------------+----------------+----------------+----------------+
| var_18         | var_19         | var_20         | var_21         | var_22         |
+----------------+----------------+----------------+----------------+----------------+
| 20.2991        | 0.3398         | 15.2238        | 9.2645         | 4.0065         |
| 11.5786        | 7.9404         | 14.2679        | 17.9604        | 4.2982         |
| 25.0909        | -1.4518        | 7.5778         | 17.6814        | 7.8018         |
| 6.0337         | 19.4163        | 16.2181        | 10.1333        | 0.5981         |
| 4.5293         | 14.1155        | 18.099         | 26.1936        | -1.0101        |
| 22.2349        | 11.0547        | 13.625         | 24.1285        | 7.6509         |
| 17.6436        | 16.6375        | 12.4386        | 18.0259        | 5.6889         |
| -2.4706        | 4.8333         | 14.7546        | 14.0327        | -1.0179        |
| 19.4875        | 6.23           | 11.228         | 16.7409        | 1.5706         |
| 7.8245         | 15.57          | 11.9358        | 19.4773        | -0.1426        |
+----------------+----------------+----------------+----------------+----------------+
+----------------+----------------+----------------+----------------+----------------+
| var_23         | var_24         | var_25         | var_26         | var_27         |
+----------------+----------------+----------------+----------------+----------------+
| 2.7405         | 11.3965        | 14.2152        | -4.7865        | 0.5235         |
| 2.4527         | 7.4674         | 13.8494        | 9.1635         | -0.8191        |
| 3.7046         | 4.2222         | 13.9826        | 0.6488         | -0.9974        |
| 2.3718         | 7.3266         | 13.9634        | -8.6418        | -0.7229        |
| 2.0321         | 8.162          | 13.9992        | -3.0616        | -2.1377        |
| 3.0343         | 10.4143        | 13.3942        | 0.5167         | -0.4757        |
| 3.2041         | 18.4721        | 13.8529        | -2.3372        | -2.3378        |
| 2.8285         | 8.2693         | 14.1379        | -9.4954        | -2.0325        |
| 2.9932         | 9.0919         | 13.7745        | -0.6509        | 0.8512         |
| 3.3149         | 11.2876        | 13.2798        | 4.438          | -1.7523        |
+----------------+----------------+----------------+----------------+----------------+
+----------------+----------------+----------------+----------------+----------------+
| var_28         | var_29         | var_30         | var_31         | var_32         |
+----------------+----------------+----------------+----------------+----------------+
| 5.2629         | 2.638          | -14.9824       | 9.4782         | -1.3481        |
| 4.8506         | 3.6919         | -6.3447        | 12.4425        | -1.9429        |
| 4.8914         | 12.2745        | 3.4045         | 11.8274        | -1.9372        |
| 4.5804         | 1.642          | -13.214        | 10.7469        | -4.8903        |
| 4.9517         | 6.5814         | -13.75         | 10.5088        | -4.0668        |
| 6.167          | 5.9586         | -10.4229       | 8.7939         | -0.5802        |
| 5.3553         | 2.1017         | -18.0113       | 12.6034        | 0.0593         |
| 7.3393         | 2.5155         | -23.8059       | 10.4784        | -0.7497        |
| 5.0688         | 4.2784         | 7.015          | 11.284         | -1.8978        |
| 5.966          | 5.3225         | 1.23           | 14.8801        | -0.1865        |
+----------------+----------------+----------------+----------------+----------------+
+----------------+----------------+----------------+----------------+----------------+
| var_33         | var_34         | var_35         | var_36         | var_37         |
+----------------+----------------+----------------+----------------+----------------+
| 7.8881         | 11.8825        | 9.0383         | 2.6839         | 3.6378         |
| 10.2239        | 10.7698        | -0.4016        | -0.1888        | 2.4557         |
| 18.5339        | 10.855         | 5.3765         | 5.3818         | 3.8559         |
| 9.8867         | 11.3083        | 0.677          | -4.6161        | 4.3994         |
| 20.2265        | 11.4659        | -0.4091        | 1.3861         | 3.247          |
| 17.3526        | 11.3303        | 1.6558         | 4.1213         | 4.4793         |
| 15.4991        | 11.1779        | -1.2679        | 3.798          | 6.6106         |
| 13.8134        | 10.8911        | -1.7007        | -0.2297        | 6.6551         |
| 4.4654         | 11.866         | 6.1053         | 2.9936         | 6.4876         |
| 14.9729        | 10.3952        | -0.035         | -1.3928        | 6.0512         |
+----------------+----------------+----------------+----------------+----------------+
+----------------+----------------+----------------+----------------+----------------+
| var_38         | var_39         | var_40         | var_41         | var_42         |
+----------------+----------------+----------------+----------------+----------------+
| 14.2327        | 2.1125         | -5.963         | 8.0275         | 11.2094        |
| 13.9463        | 1.2056         | -7.1366        | 11.3553        | 12.5649        |
| 12.9076        | -4.5463        | -6.6706        | 6.5613         | 12.1571        |
| 11.2066        | -0.0475        | 9.5773         | 12.2692        | 11.4999        |
| 8.0657         | 1.1845         | -1.2213        | 4.5011         | 11.7821        |
| 8.3749         | 2.3431         | 11.9848        | 11.7962        | 10.4014        |
| 17.3345        | 3.4384         | -11.0839       | 1.6957         | 10.2572        |
| 14.2281        | 3.2402         | 3.8132         | 0.2313         | 10.0743        |
| 9.0151         | -2.7302        | 8.3145         | 4.662          | 12.0629        |
| 12.4162        | 0.213          | 4.2207         | 15.0269        | 11.1777        |
+----------------+----------------+----------------+----------------+----------------+
+----------------+----------------+----------------+----------------+----------------+
| var_43         | var_44         | var_45         | var_46         | var_47         |
+----------------+----------------+----------------+----------------+----------------+
| 11.359         | 11.0103        | 20.0837        | 12.1298        | -8.4599        |
| 11.6429        | 3.2526         | -5.7053        | 8.3412         | -28.0762       |
| 11.4535        | 17.5729        | -8.144         | 13.4103        | 2.9068         |
| 11.9118        | 12.3686        | -7.5426        | 7.5868         | -0.6094        |
| 11.2128        | 1.9075         | -10.3981       | 11.5227        | 6.2539         |
| 12.0517        | 10.2577        | 13.6584        | 11.0627        | -23.8471       |
| 11.4655        | 20.1905        | 13.2689        | 13.8298        | -8.9861        |
| 11.2981        | 4.8591         | -21.0285       | 16.5901        | -2.3261        |
| 11.5998        | 3.6266         | 16.3874        | 10.8278        | -33.3366       |
| 12.0097        | 5.8051         | -15.4282       | 9.6817         | -27.1281       |
+----------------+----------------+----------------+----------------+----------------+
+----------------+----------------+----------------+----------------+----------------+
| var_48         | var_49         | var_50         | var_51         | var_52         |
+----------------+----------------+----------------+----------------+----------------+
| 11.5749        | 12.7237        | 12.4269        | 16.1825        | 4.342          |
| 11.611         | 30.5743        | 13.7359        | 21.0301        | -4.0276        |
| 10.2596        | 16.8742        | 13.6658        | 9.1809         | -7.8563        |
| 24.5636        | 18.4032        | 12.6847        | 16.5524        | -0.8787        |
| 5.5384         | 6.3948         | 13.5468        | 10.7302        | -0.527         |
| -3.5464        | 24.9966        | 13.1174        | 10.7964        | -5.1622        |
| 16.2393        | 23.7673        | 13.8259        | 13.2647        | -5.2297        |
| 24.7391        | 12.7217        | 12.4603        | 22.1078        | 1.6804         |
| 13.6639        | 13.1842        | 11.8737        | 7.4762         | 3.0469         |
| -5.2577        | 13.6308        | 13.9199        | 8.173          | 4.3785         |
+----------------+----------------+----------------+----------------+----------------+
+----------------+----------------+----------------+----------------+----------------+
| var_53         | var_54         | var_55         | var_56         | var_57         |
+----------------+----------------+----------------+----------------+----------------+
| 5.5768         | 2.2736         | 22.2921        | 13.8494        | 5.4539         |
| 6.7894         | 13.1846        | 7.5679         | 16.6723        | 7.0128         |
| 6.5383         | 4.784          | 16.2005        | 14.451         | 7.4337         |
| 7.6661         | -4.6509        | 16.6497        | 14.4158        | 5.8717         |
| 4.7153         | 3.8408         | 10.4404        | 17.313         | 6.2981         |
| 5.5432         | -13.0796       | 17.0977        | 17.1269        | 6.9355         |
| 6.4172         | -5.2947        | 20.6811        | 16.8696        | 5.7297         |
| 4.5737         | -3.9846        | 10.7265        | 16.379         | 7.191          |
| 4.4167         | 14.0657        | 12.9242        | 17.8902        | 5.1747         |
| 6.4142         | 5.2876         | 19.2602        | 15.1348        | 7.4038         |
+----------------+----------------+----------------+----------------+----------------+
+----------------+----------------+----------------+----------------+----------------+
| var_58         | var_59         | var_60         | var_61         | var_62         |
+----------------+----------------+----------------+----------------+----------------+
| 4.2406         | 8.8364         | 15.1655        | -8.4094        | -1.6588        |
| 3.7146         | 8.3605         | 12.4031        | -18.85         | 1.7668         |
| 2.4596         | 9.1501         | 14.5673        | -6.4447        | 0.2189         |
| -6.8541        | 9.9175         | 14.425         | -3.8073        | -0.2603        |
| 1.3421         | 9.5986         | 15.5794        | -6.3505        | -1.1932        |
| 0.8599         | 9.7173         | 13.8348        | 10.8821        | 0.7787         |
| -5.4999        | 7.635          | 9.3174         | -6.6982        | 5.7814         |
| 1.664          | 8.3825         | 13.325         | -3.2647        | -0.069         |
| 3.2774         | 8.7589         | 14.908         | -5.7874        | 0.2352         |
| -2.9056        | 8.9835         | 6.0339         | -20.6892       | -0.3892        |
+----------------+----------------+----------------+----------------+----------------+
+----------------+----------------+----------------+----------------+----------------+
| var_63         | var_64         | var_65         | var_66         | var_67         |
+----------------+----------------+----------------+----------------+----------------+
| -0.2503        | 4.3272         | -0.8956        | 5.2733         | 4.2261         |
| -0.5305        | 5.7103         | 5.2232         | 6.7238         | 2.306          |
| -2.6944        | 6.8417         | -0.3203        | 4.9348         | 6.9236         |
| -1.5802        | 8.1652         | -1.0634        | 6.9843         | 21.1579        |
| -0.0653        | 8.5989         | 3.3176         | 5.9098         | 21.9955        |
| -1.338         | 8.0002         | 3.7231         | 6.0751         | 19.7284        |
| -2.1655        | 6.7486         | -2.2566        | 6.2802         | 15.8858        |
| 0.6409         | 5.6921         | -1.1531        | 5.4918         | 16.0199        |
| 4.503          | 8.819          | -2.2197        | 4.9503         | 18.0569        |
| 3.9743         | 6.9955         | 3.6052         | 4.0473         | 6.6103         |
+----------------+----------------+----------------+----------------+----------------+
+----------------+----------------+----------------+----------------+----------------+
| var_68         | var_69         | var_70         | var_71         | var_72         |
+----------------+----------------+----------------+----------------+----------------+
| 5.0173         | -3.5259        | 28.574         | 0.4896         | 1.0239         |
| 5.0171         | -7.8473        | 35.4146        | 1.1359         | 0.0118         |
| 5.0145         | -4.6498        | 9.3184         | 0.3361         | 0.2757         |
| 5.0142         | -4.9979        | 13.2509        | 0.1669         | 2.9546         |
| 5.0083         | -8.7113        | 11.6441        | 0.4525         | -0.97          |
| 5.0289         | 0.0939         | 18.4027        | 0.6587         | -4.6819        |
| 5.0141         | -6.0824        | 22.3894        | 0.8473         | 4.3457         |
| 5.0121         | -1.8756        | 33.916         | 0.627          | -2.3632        |
| 5.0152         | -3.7833        | 20.1884        | 0.9096         | -1.2454        |
| 5.0182         | -7.4726        | 28.0222        | 0.4298         | -1.7412        |
+----------------+----------------+----------------+----------------+----------------+
+----------------+----------------+----------------+----------------+----------------+
| var_73         | var_74         | var_75         | var_76         | var_77         |
+----------------+----------------+----------------+----------------+----------------+
| 21.7565        | 3.3613         | 10.6068        | 13.153         | 15.527         |
| 16.6857        | -11.4974       | 27.1898        | 9.0395         | 22.7787        |
| 13.8975        | 12.8422        | 13.6052        | 3.1817         | 23.1333        |
| 22.3508        | -2.6628        | 25.0241        | 4.7314         | 24.7145        |
| 36.2039        | 16.1033        | 18.3082        | 8.4132         | 16.1371        |
| 10.3558        | -6.3021        | 14.4246        | -2.1632        | 24.6036        |
| 21.0323        | 10.3244        | 2.5159         | -3.7179        | 20.8241        |
| 13.6206        | 17.1564        | 19.5431        | -1.0545        | 22.9548        |
| 18.2885        | -2.79          | 27.0533        | 20.0384        | 21.0736        |
| 26.1368        | 3.8057         | 15.1842        | -3.5917        | 16.415         |
+----------------+----------------+----------------+----------------+----------------+
+----------------+----------------+----------------+----------------+----------------+
| var_78         | var_79         | var_80         | var_81         | var_82         |
+----------------+----------------+----------------+----------------+----------------+
| 6.1679         | 16.9973        | 18.5247        | 12.4922        | -19.7073       |
| 3.5815         | 14.5774        | 2.1769         | 14.8909        | 0.5028         |
| 6.9173         | 15.7075        | -1.3575        | 17.7055        | -9.7564        |
| 5.1728         | 12.2848        | 16.7341        | 15.3183        | -16.4764       |
| 7.6093         | 14.3715        | 6.0201         | 15.0503        | -0.8527        |
| 3.8257         | 15.056         | 13.9728        | 17.8419        | 7.4731         |
| 8.9908         | 13.0718        | -12.3337       | 13.1006        | 10.1901        |
| 6.6641         | 12.3192        | -14.061        | 15.6689        | 4.4953         |
| 5.0191         | 15.2194        | -3.1547        | 14.1459        | 3.4901         |
| 5.4166         | 14.5136        | 9.2009         | 14.9662        | -9.386         |
+----------------+----------------+----------------+----------------+----------------+
+----------------+----------------+----------------+----------------+----------------+
| var_83         | var_84         | var_85         | var_86         | var_87         |
+----------------+----------------+----------------+----------------+----------------+
| -9.1454        | -14.0661       | 15.0188        | 11.5493        | 23.3288        |
| -11.4532       | -10.0796       | 11.4221        | 8.5623         | 15.4311        |
| 4.4685         | -5.6846        | 14.424         | 3.6912         | 8.3689         |
| 12.0966        | -2.7125        | 21.441         | 0.6802         | 6.7372         |
| -3.939         | -9.4252        | 25.2457        | 6.9335         | 14.4175        |
| 11.9137        | -2.4799        | 20.5033        | 15.208         | 16.0509        |
| 6.5708         | -2.6353        | 20.0926        | 0.9742         | 22.876         |
| 2.8203         | -9.0684        | 20.66          | 5.2473         | 19.3803        |
| 16.6891        | -1.6611        | 17.0939        | 13.7097        | 18.4491        |
| 2.0972         | 1.4421         | 22.4049        | -6.7861        | 11.2429        |
+----------------+----------------+----------------+----------------+----------------+
+----------------+----------------+----------------+----------------+----------------+
| var_88         | var_89         | var_90         | var_91         | var_92         |
+----------------+----------------+----------------+----------------+----------------+
| 12.0593        | 6.8781         | -23.8381       | 7.1715         | 16.8176        |
| 11.2048        | 3.3939         | -21.5045       | 7.0981         | 12.1722        |
| 9.3949         | 0.3631         | -38.3339       | 7.2477         | 12.5811        |
| 10.731         | -0.8526        | -9.7897        | 6.9705         | 16.4442        |
| 8.8818         | 3.0124         | -6.1572        | 6.9014         | 16.3543        |
| 10.8577        | 4.7843         | -0.7321        | 7.111          | 14.7518        |
| 5.3007         | 7.0427         | -7.3787        | 6.984          | 11.1397        |
| 10.0182        | 9.4496         | -26.2992       | 7.2666         | 13.9239        |
| 3.172          | 5.4136         | -38.7263       | 6.8875         | 13.6027        |
| 6.952          | 3.2272         | -35.0117       | 7.2172         | 17.4992        |
+----------------+----------------+----------------+----------------+----------------+
+----------------+----------------+----------------+----------------+----------------+
| var_93         | var_94         | var_95         | var_96         | var_97         |
+----------------+----------------+----------------+----------------+----------------+
| 10.2487        | 11.3187        | 0.1187         | 27.4283        | 10.7533        |
| 10.5365        | 14.0216        | -0.0413        | 4.4681         | 29.4274        |
| 9.3301         | 9.9222         | -0.0751        | 25.2162        | 33.1701        |
| 10.372         | 6.6136         | 0.7432         | 27.1974        | 21.0817        |
| 9.2979         | 9.588          | 0.0152         | 14.566         | 8.9391         |
| 10.3778        | 13.7935        | 0.2742         | 12.8571        | 17.5452        |
| 10.5317        | 11.4214        | -0.2319        | 19.3955        | 10.5393        |
| 10.0539        | 13.4358        | -0.5957        | 20.8604        | 1.9645         |
| 10.7545        | 15.5513        | 0.0538         | 5.3588         | 9.9552         |
| 10.6975        | 9.6559         | 0.8778         | 14.9369        | 21.4083        |
+----------------+----------------+----------------+----------------+----------------+
+----------------+----------------+----------------+----------------+----------------+
| var_98         | var_99         | var_100        | var_101        | var_102        |
+----------------+----------------+----------------+----------------+----------------+
| 2.7781         | -1.0596        | -6.2045        | 18.2357        | 23.2701        |
| 2.0494         | -1.3036        | -15.6185       | 8.5253         | 10.5739        |
| 1.6487         | 1.1725         | -3.7029        | 11.745         | 31.0462        |
| 2.4063         | 0.469          | -2.4721        | 19.8002        | 25.6462        |
| 1.173          | -0.0437        | -19.5888       | 24.6232        | 22.8598        |
| 1.6929         | -0.86          | -5.1136        | 19.4554        | 35.0205        |
| 1.9676         | -3.0181        | 1.4249         | 14.2564        | 25.8164        |
| 2.0561         | 0.6267         | -20.5949       | 13.1681        | 30.1796        |
| 2.4295         | -2.3342        | -6.7959        | 20.6857        | 26.1756        |
| 2.7597         | 0.9198         | -4.8893        | 9.1457         | 15.0784        |
+----------------+----------------+----------------+----------------+----------------+
+----------------+----------------+----------------+----------------+----------------+
| var_103        | var_104        | var_105        | var_106        | var_107        |
+----------------+----------------+----------------+----------------+----------------+
| 1.3721         | 9.5549         | 5.1097         | 8.4163         | 23.1031        |
| 1.1952         | 13.1979        | 5.4483         | 6.3066         | 15.6285        |
| 1.6665         | 9.0355         | 4.2247         | 6.1005         | 14.2419        |
| 1.6009         | 7.0966         | 3.8069         | 11.4036        | 12.3027        |
| 1.2528         | 10.1246        | 3.9423         | 8.626          | 11.5865        |
| 1.3438         | 10.8832        | 3.5774         | 12.8379        | 9.4216         |
| 1.9372         | 10.7841        | 4.0613         | 7.6838         | 11.6195        |
| 1.2713         | 13.1433        | 2.6814         | 8.5947         | 12.6555        |
| 1.6395         | 12.8449        | 5.8281         | 5.8975         | 28.8118        |
| 1.3032         | 11.0523        | 5.0032         | 7.8115         | 14.2369        |
+----------------+----------------+----------------+----------------+----------------+
+----------------+----------------+----------------+----------------+----------------+
| var_108        | var_109        | var_110        | var_111        | var_112        |
+----------------+----------------+----------------+----------------+----------------+
| 14.3716        | 26.3091        | 6.0945         | 6.9154         | 3.7878         |
| 14.2017        | 24.3123        | 6.8407         | 4.5123         | 1.2396         |
| 14.5111        | 20.5197        | 4.2048         | 6.031          | 5.0904         |
| 14.4546        | 18.9023        | 11.1083        | 6.687          | 5.1263         |
| 14.1719        | 8.6948         | 10.4145        | 4.1901         | 2.4528         |
| 14.2           | 22.9007        | 7.8164         | 7.3738         | 4.2656         |
| 14.3649        | 25.4615        | 1.4511         | 6.8071         | 2.1956         |
| 13.8164        | 24.7546        | 2.7797         | 4.6283         | 3.4687         |
| 14.162         | 21.8036        | 7.2411         | 5.1862         | 5.6454         |
| 14.3003        | 16.8193        | 3.1179         | 7.9848         | 5.3772         |
+----------------+----------------+----------------+----------------+----------------+
+----------------+----------------+----------------+----------------+----------------+
| var_113        | var_114        | var_115        | var_116        | var_117        |
+----------------+----------------+----------------+----------------+----------------+
| 3.6056         | 4.0315         | 2.8534         | 1.9321         | 27.7894        |
| -0.22          | 4.5756         | -0.4458        | 4.7288         | 27.3375        |
| 1.7219         | 2.4505         | 3.1651         | 1.8772         | 40.8086        |
| 9.0142         | 2.5606         | -3.1766        | 5.7017         | 4.1458         |
| 11.6433        | 2.563          | 5.0307         | -0.5252        | 26.1992        |
| 3.2986         | 3.1418         | 3.5223         | 1.0515         | 26.5288        |
| 14.3563        | 2.5027         | 6.2552         | 0.6622         | 19.9173        |
| 3.6893         | 3.2685         | -1.819         | 0.0012         | 14.5628        |
| 6.9775         | 3.3514         | 0.5122         | 2.692          | 20.0209        |
| 9.7553         | 4.5677         | 0.1311         | 5.317          | 25.5283        |
+----------------+----------------+----------------+----------------+----------------+
+----------------+----------------+----------------+----------------+----------------+
| var_118        | var_119        | var_120        | var_121        | var_122        |
+----------------+----------------+----------------+----------------+----------------+
| -0.2174        | 6.6804         | 19.2389        | 11.8384        | 7.5129         |
| -16.7433       | 8.7462         | 34.6708        | 13.8409        | -4.5668        |
| -11.1667       | 1.162          | 10.1727        | 8.46           | 10.3817        |
| -9.6384        | -1.3347        | 26.85          | 10.6353        | 5.7423         |
| -16.6793       | 4.4256         | 32.0107        | 11.6769        | 8.2363         |
| -9.0883        | 6.164          | 20.731         | 10.3758        | 3.6229         |
| -25.9136       | 4.3047         | 29.407         | 10.8541        | 1.4649         |
| -1.0436        | -6.4828        | 3.7259         | 11.7037        | 5.2067         |
| -13.0741       | 4.7666         | 50.9099        | 13.3865        | 0.1049         |
| 3.1632         | 6.5707         | 2.3657         | 9.8964         | -2.445         |
+----------------+----------------+----------------+----------------+----------------+
+----------------+----------------+----------------+----------------+----------------+
| var_123        | var_124        | var_125        | var_126        | var_127        |
+----------------+----------------+----------------+----------------+----------------+
| 1.4882         | 4.7952         | 12.7773        | 12.5067        | 0.4471         |
| 3.0576         | 0.4491         | 12.5764        | 13.1238        | 4.1888         |
| 18.7111        | 5.4419         | 12.4432        | 13.2727        | -1.2995        |
| 12.9433        | 4.7002         | 11.9695        | 11.5351        | 5.0507         |
| -4.1322        | 2.7004         | 12.991         | 12.1995        | 3.796          |
| 13.661         | 5.0743         | 12.562         | 12.5348        | -1.5437        |
| -6.6747        | 1.9286         | 12.151         | 12.7327        | -6.21          |
| 6.157          | 0.5098         | 12.3457        | 11.8357        | -1.3796        |
| 6.6168         | 0.9952         | 12.7682        | 13.4532        | -1.8783        |
| 15.8624        | 3.2953         | 12.8864        | 11.6674        | 3.9325         |
+----------------+----------------+----------------+----------------+----------------+
+----------------+----------------+----------------+----------------+----------------+
| var_128        | var_129        | var_130        | var_131        | var_132        |
+----------------+----------------+----------------+----------------+----------------+
| 0.0176         | 14.2377        | 13.3049        | -0.1821        | 7.6325         |
| -0.3836        | 14.1906        | 12.6499        | -0.0081        | 5.3543         |
| 4.3195         | 12.4032        | 12.9057        | -0.0283        | 7.2986         |
| 4.2431         | 18.7649        | 11.0411        | 1.0224         | 8.2275         |
| -2.5593        | 18.7606        | 10.9752        | 0.535          | 9.2015         |
| 2.5068         | 22.9709        | 12.3831        | 1.2557         | 7.8305         |
| -2.5804        | 19.1173        | 11.2715        | 0.7832         | 7.8366         |
| 4.794          | 14.8706        | 12.7543        | 0.536          | 5.7779         |
| -1.858         | 19.6901        | 10.9774        | 0.0189         | 9.7896         |
| -6.8845        | 9.0499         | 13.0546        | -0.2948        | 6.6805         |
+----------------+----------------+----------------+----------------+----------------+
+----------------+----------------+----------------+----------------+----------------+
| var_133        | var_134        | var_135        | var_136        | var_137        |
+----------------+----------------+----------------+----------------+----------------+
| 6.7269         | -5.5109        | -1.3033        | 28.2127        | 35.6064        |
| 7.2592         | -2.3196        | -5.7409        | 19.6828        | 22.8978        |
| 6.6494         | 8.7158         | -10.1844       | 31.0598        | 32.8544        |
| 6.0708         | 0.6248         | 4.2682         | 7.3842         | 10.9681        |
| 7.353          | 4.6037         | 1.0026         | 28.5321        | 24.8656        |
| 6.533          | -7.8653        | 9.5339         | 39.8563        | 12.0536        |
| 7.2939         | -3.1793        | -2.9286        | 32.8234        | 6.7588         |
| 6.1835         | -6.7209        | -3.2918        | -0.36          | 30.6663        |
| 6.8661         | -2.9992        | -12.6118       | 4.0478         | 30.5248        |
| 6.8051         | -10.4          | -5.1177        | 35.0175        | 31.0159        |
+----------------+----------------+----------------+----------------+----------------+
+----------------+----------------+----------------+----------------+----------------+
| var_138        | var_139        | var_140        | var_141        | var_142        |
+----------------+----------------+----------------+----------------+----------------+
| -2.9293        | 19.3246        | 1.5825         | 15.1522        | 18.0201        |
| 0.3187         | 8.1914         | 0.171          | -0.0228        | 18.4375        |
| 1.8792         | 6.5451         | 8.2765         | -5.051         | 10.637         |
| 2.7225         | 11.7314        | 7.097          | 0.1005         | 4.9015         |
| 3.3377         | 6.4753         | 3.9367         | -10.3091       | 0.5459         |
| 2.7752         | 14.5999        | 10.1212        | -2.2346        | 1.1313         |
| -1.1824        | 6.5391         | 15.2754        | -7.1598        | 19.6297        |
| 0.4389         | 7.6357         | -1.2302        | 4.0968         | 17.3445        |
| -2.2469        | 10.9519        | 4.1306         | 2.9852         | 13.0255        |
| 4.2372         | 6.1367         | 4.9656         | 9.2656         | 18.0497        |
+----------------+----------------+----------------+----------------+----------------+
+----------------+----------------+----------------+----------------+----------------+
| var_143        | var_144        | var_145        | var_146        | var_147        |
+----------------+----------------+----------------+----------------+----------------+
| 16.2403        | 6.5397         | 2.4388         | 14.3149        | -4.613         |
| 11.5007        | 9.7255         | -0.5931        | 7.9173         | -10.8348       |
| 11.112         | 9.8225         | 0.8489         | 15.2905        | -5.1475        |
| 10.818         | 8.3343         | 3.5563         | 12.4415        | -11.0174       |
| 12.0726        | 9.1278         | 8.9326         | 9.949          | -3.8355        |
| 12.2102        | 8.1666         | 5.0315         | 13.3423        | -4.1767        |
| 7.9859         | 8.9221         | 2.6769         | 10.7975        | 12.0971        |
| 15.3478        | 9.133          | 4.6188         | 9.6552         | -10.5981       |
| 12.5833        | 8.3404         | 10.6743        | 14.8327        | 0.9348         |
| 10.9112        | 8.4126         | 7.2769         | 11.0142        | -6.1413        |
+----------------+----------------+----------------+----------------+----------------+
+----------------+----------------+----------------+----------------+----------------+
| var_148        | var_149        | var_150        | var_151        | var_152        |
+----------------+----------------+----------------+----------------+----------------+
| 4.4278         | 2.162          | 19.3644        | 9.8977         | 5.8997         |
| 3.7319         | 9.3654         | 13.082         | 10.2115        | 7.7262         |
| 4.3212         | 21.2828        | 14.0048        | 6.7865         | 9.523          |
| 4.0841         | 4.9877         | 17.9044        | 11.2296        | 9.6305         |
| 4.1516         | 13.7848        | 19.1016        | 9.3478         | 11.3858        |
| 4.2704         | 2.1304         | 15.138         | 6.9457         | 9.152          |
| 3.9009         | 7.6141         | 17.0032        | 15.6081        | 1.1528         |
| 3.9889         | 16.9036        | 20.1473        | 5.1851         | 10.5063        |
| 4.2888         | -0.6142        | 13.5122        | 7.9042         | 6.5212         |
| 3.9305         | -0.4373        | 18.6854        | 9.7412         | 7.7308         |
+----------------+----------------+----------------+----------------+----------------+
+----------------+----------------+----------------+----------------+----------------+
| var_153        | var_154        | var_155        | var_156        | var_157        |
+----------------+----------------+----------------+----------------+----------------+
| 15.9207        | 15.495         | -7.0982        | 12.6665        | 1.202          |
| 19.3719        | 8.2901         | 13.5828        | 13.7438        | -6.1476        |
| 20.4706        | -4.7544        | -7.5309        | 12.9908        | 1.4393         |
| 15.1088        | 3.6783         | -6.6129        | 12.6408        | -15.905        |
| 18.6274        | -1.8172        | 0.8478         | 12.2398        | -11.8259       |
| 14.4986        | 4.9638         | -1.832         | 14.6337        | -8.828         |
| 15.759         | 10.8709        | 11.3146        | 11.5371        | 0.4551         |
| 17.8155        | 4.2128         | -9.0839        | 13.3601        | 0.7254         |
| 15.8251        | 8.1565         | 6.2067         | 13.2479        | -12.9496       |
| 16.9987        | 12.9793        | -13.4332       | 14.4671        | -8.8854        |
+----------------+----------------+----------------+----------------+----------------+
+----------------+----------------+----------------+----------------+----------------+
| var_158        | var_159        | var_160        | var_161        | var_162        |
+----------------+----------------+----------------+----------------+----------------+
| 13.306         | 13.3025        | 39.5935        | 6.0803         | 6.7409         |
| 17.0243        | 10.8065        | 16.2279        | 6.0018         | 6.3716         |
| 13.4031        | 11.5913        | 32.3861        | 5.2073         | 6.8004         |
| 12.3185        | 12.733         | 27.4208        | 5.3948         | 3.5766         |
| 28.0439        | 4.1651         | 7.4489         | 5.8518         | 2.6507         |
| 8.1563         | 4.5091         | 17.7541        | 5.7118         | 6.0432         |
| 7.1913         | 6.4532         | 5.0977         | 5.29           | 3.4166         |
| 10.9517        | 2.137          | 33.1595        | 5.7375         | 3.9512         |
| 18.5481        | 16.1566        | 30.852         | 5.4308         | 7.2906         |
| 23.6217        | 6.7956         | 14.6109        | 5.6597         | 3.5574         |
+----------------+----------------+----------------+----------------+----------------+
+----------------+----------------+----------------+----------------+----------------+
| var_163        | var_164        | var_165        | var_166        | var_167        |
+----------------+----------------+----------------+----------------+----------------+
| 5.2288         | -9.6248        | 27.7783        | 2.7811         | -3.9247        |
| 8.9117         | -5.9196        | 5.0405         | 2.9016         | -5.7677        |
| -0.4628        | 0.535          | 18.7504        | 3.0426         | -6.7153        |
| 0.416          | -7.7808        | 12.0241        | 2.707          | -21.253        |
| 12.5759        | -2.8448        | 16.3269        | 3.1647         | 0.5908         |
| 13.8149        | 3.1996         | 13.489         | 3.0279         | 1.5263         |
| 12.1893        | -0.4002        | 16.6822        | 2.9775         | -0.257         |
| 10.776         | -5.011         | 10.9111        | 2.8845         | -5.2316        |
| 5.181          | -11.6195       | 20.1507        | 2.8126         | 0.804          |
| 10.2329        | 2.6549         | 12.9443        | 2.7433         | 4.3404         |
+----------------+----------------+----------------+----------------+----------------+
+----------------+----------------+----------------+----------------+----------------+
| var_168        | var_169        | var_170        | var_171        | var_172        |
+----------------+----------------+----------------+----------------+----------------+
| 7.4214         | 5.9551         | -7.3301        | 1.9627         | 11.5209        |
| 4.1217         | 6.4029         | 8.3613         | 1.5918         | 4.6885         |
| 6.5633         | 5.1034         | 2.157          | 4.7239         | 7.9049         |
| 3.1415         | 6.0444         | -6.784         | -5.2233        | 21.0323        |
| 6.7022         | 5.0991         | -0.5144        | 1.6151         | 21.5253        |
| 1.649          | 5.3974         | 0.3996         | -7.4072        | 25.7398        |
| 3.3735         | 5.6458         | -1.9192        | 8.0686         | 23.3721        |
| 1.8428         | 4.8959         | -2.2876        | 2.0615         | 15.3084        |
| 7.6932         | 5.178          | -2.4664        | -0.4484        | 5.405          |
| 4.8582         | 5.3357         | -8.534         | -1.7747        | 18.9729        |
+----------------+----------------+----------------+----------------+----------------+
+----------------+----------------+----------------+----------------+----------------+
| var_173        | var_174        | var_175        | var_176        | var_177        |
+----------------+----------------+----------------+----------------+----------------+
| -1.5738        | 24.0409        | 8.8168         | 3.7751         | 14.6869        |
| -1.6097        | 14.6393        | 12.0518        | 12.176         | 9.9197         |
| -2.9144        | 21.7593        | 13.0184        | -13.4574       | 9.7154         |
| -13.3761       | 27.3206        | 12.841         | -4.0246        | 15.4672        |
| -3.4414        | 17.0975        | 12.639         | 5.4417         | 12.329         |
| 1.1478         | 26.3251        | 9.9571         | -7.9216        | 10.938         |
| 6.7105         | 12.4966        | 6.9118         | -12.2055       | 15.2873        |
| 2.6792         | 30.43          | 11.0086        | -7.7349        | 12.1658        |
| -9.927         | 18.6468        | 13.408         | -3.0456        | 13.4124        |
| -4.7402        | 27.2654        | 13.8924        | 2.0249         | 11.8432        |
+----------------+----------------+----------------+----------------+----------------+
+----------------+----------------+----------------+----------------+----------------+
| var_178        | var_179        | var_180        | var_181        | var_182        |
+----------------+----------------+----------------+----------------+----------------+
| -15.9623       | 3.6645         | 6.5574         | 9.8716         | -13.3728       |
| -3.4084        | -1.5275        | 3.4922         | 9.7988         | -0.3987        |
| 0.0855         | 5.6643         | -8.2664        | 8.5298         | -15.4885       |
| 2.3284         | 4.8496         | 3.9569         | 10.5223        | -12.3998       |
| -4.5487        | 1.8293         | -8.1503        | 11.964         | -12.7279       |
| 13.6478        | 4.5275         | -11.3888       | 8.3252         | 2.344          |
| -8.6172        | 0.7038         | -0.7471        | 10.6021        | 0.6634         |
| -8.8541        | 2.786          | -3.7958        | 8.6686         | 13.3098        |
| -5.5519        | 4.3262         | -1.4558        | 9.6347         | -3.1323        |
| -9.1939        | 0.9888         | 5.9253         | 8.5619         | 12.1001        |
+----------------+----------------+----------------+----------------+----------------+
+----------------+----------------+----------------+----------------+----------------+
| var_183        | var_184        | var_185        | var_186        | var_187        |
+----------------+----------------+----------------+----------------+----------------+
| 7.6933         | 24.4402        | 2.0818         | 4.3658         | -26.4459       |
| 15.6815        | 24.7522        | -6.2477        | 9.6776         | -5.9279        |
| 5.0334         | 16.5338        | -6.3427        | 11.3645        | -16.987        |
| 0.8725         | 8.145          | -2.5237        | 5.3512         | -27.8553       |
| 4.9455         | 21.2489        | -4.8939        | 3.9901         | 7.2087         |
| 9.0475         | 6.288          | -1.0183        | 14.229         | 7.4762         |
| 5.7192         | 6.072          | -4.0518        | 5.4448         | -10.4306       |
| 15.6167        | 5.9225         | -1.1266        | 13.9541        | 1.1941         |
| 15.0951        | 28.2521        | 4.3096         | 4.6985         | -7.6431        |
| 8.452          | 8.1543         | -5.7318        | 11.7679        | -6.7078        |
+----------------+----------------+----------------+----------------+----------------+
+----------------+----------------+----------------+----------------+----------------+
| var_188        | var_189        | var_190        | var_191        | var_192        |
+----------------+----------------+----------------+----------------+----------------+
| 10.3977        | 0.8332         | 1.5319         | 11.2502        | 2.9688         |
| 13.7236        | 0.9168         | 0.0413         | 11.4175        | 0.6445         |
| 12.8396        | 0.2017         | 3.7735         | 8.5753         | 0.4216         |
| 14.1373        | 0.0042         | 8.1371         | 7.2921         | 1.6509         |
| 15.8385        | 1.2142         | 8.0732         | 9.8178         | 2.5355         |
| 15.9386        | 0.6485         | -1.2111        | 7.6027         | 0.9748         |
| 15.1995        | 1.3519         | 6.4987         | 14.8107        | 1.6244         |
| 19.1017        | 2.1472         | 5.8322         | 9.2217         | 3.0395         |
| 10.5172        | 1.8465         | 2.6711         | 9.8868         | 1.7275         |
| 22.191         | 2.6865         | 4.4661         | 6.0547         | 1.675          |
+----------------+----------------+----------------+----------------+----------------+
+----------------+----------------+----------------+----------------+----------------+
| var_193        | var_194        | var_195        | var_196        | var_197        |
+----------------+----------------+----------------+----------------+----------------+
| 3.2488         | 19.02          | -0.9886        | -4.4655        | 6.891          |
| -3.5781        | 16.6686        | 0.5303         | 0.6501         | 8.3538         |
| 3.2223         | 18.0016        | -1.9147        | 0.2803         | 9.2692         |
| 0.651          | 18.3011        | -1.3687        | 10.26          | 9.4939         |
| -1.2146        | 19.0151        | 1.8819         | -0.0251        | 10.1745        |
| 9.6127         | 18.0335        | 0.7825         | 9.0307         | 9.0209         |
| 2.1059         | 19.0484        | -0.5437        | 1.4794         | 9.8077         |
| 0.2446         | 14.3228        | 1.1607         | -3.9174        | 9.5677         |
| -2.7005        | 16.6968        | 0.9145         | 6.8311         | 8.4645         |
| 4.8406         | 11.5353        | -0.7827        | 5.578          | 8.9549         |
+----------------+----------------+----------------+----------------+----------------+
+----------------+----------------+
| var_198        | var_199        |
+----------------+----------------+
| 15.5176        | 7.7635         |
| 13.9832        | 11.9392        |
| 12.9102        | 7.4326         |
| 17.2743        | 0.3753         |
| 20.6184        | -5.0332        |
| 18.0387        | -14.7542       |
| 19.5906        | 13.3688        |
| 16.5122        | -11.3532       |
| 14.1238        | 15.9068        |
| 20.086         | 3.0666         |
+----------------+----------------+
[40001 rows x 202 columns]

SIZE: (rows: 40001, columns: 202)
EVALUATE BOOSTED TREE 20_000
Mean error: 0.15275639911676342; Max error: 1.094421060270017; Std error: 0.2067397651937151
EVALUATE BOOSTED TREE 2_500
Mean error: 0.15913620393246136; Max error: 1.1218120413249153; Std error: 0.1998804121889312
total script time: 165.5991849899292
Program ended with exit code: 0